<?xml version="1.0" encoding="UTF-8"?>
<!-- Generated by org.testng.reporters.JUnitXMLReporter -->
<testsuite hostname="root-pro2019" name="Default test" tests="1" failures="0" timestamp="22 Aug 2019 13:07:37 GMT" time="0.015" errors="0">
  <testcase name="@BeforeSuite configure" time="0.0" classname="com.gogoair.post.request.validations.APIValidations">
    <failure type="org.testng.TestNGException" message="
Parameter &amp;apos;email&amp;apos; is required by @Configuration on method configure but has not been marked @Optional or defined
in /private/var/folders/94/b2js9m3s2ljfz_49t3wwfqf80000gp/T/testng-eclipse--1884362278/testng-customsuite.xml">
      <![CDATA[org.testng.TestNGException: 
Parameter 'email' is required by @Configuration on method configure but has not been marked @Optional or defined
in /private/var/folders/94/b2js9m3s2ljfz_49t3wwfqf80000gp/T/testng-eclipse--1884362278/testng-customsuite.xml
	at org.testng.internal.Parameters.createParameters(Parameters.java:155)
	at org.testng.internal.Parameters.createParameters(Parameters.java:355)
	at org.testng.internal.Parameters.createConfigurationParameters(Parameters.java:86)
	at org.testng.internal.Invoker.invokeConfigurations(Invoker.java:199)
	at org.testng.internal.Invoker.invokeConfigurations(Invoker.java:138)
	at org.testng.SuiteRunner.privateRun(SuiteRunner.java:277)
	at org.testng.SuiteRunner.run(SuiteRunner.java:240)
	at org.testng.SuiteRunnerWorker.runSuite(SuiteRunnerWorker.java:52)
	at org.testng.SuiteRunnerWorker.run(SuiteRunnerWorker.java:86)
	at org.testng.TestNG.runSuitesSequentially(TestNG.java:1198)
	at org.testng.TestNG.runSuitesLocally(TestNG.java:1123)
	at org.testng.TestNG.run(TestNG.java:1031)
	at org.testng.remote.AbstractRemoteTestNG.run(AbstractRemoteTestNG.java:126)
	at org.testng.remote.RemoteTestNG.initAndRun(RemoteTestNG.java:152)
	at org.testng.remote.RemoteTestNG.main(RemoteTestNG.java:57)
]]>
    </failure>
  </testcase> <!-- @BeforeSuite configure -->
  <testcase name="@BeforeMethod setRequestSpecification" time="0.0" classname="com.gogoair.post.request.validations.APIValidations">
    <skipped/>
  </testcase> <!-- @BeforeMethod setRequestSpecification -->
  <testcase name="validatePostRequestWithInvalidGender" time="0.004" classname="com.gogoair.post.request.validations.APIValidations">
    <skipped/>
  </testcase> <!-- validatePostRequestWithInvalidGender -->
</testsuite> <!-- Default test -->
